-------------------------------------------
Batch: 0
-------------------------------------------
+--------------------+-----+
|            customer|score|
+--------------------+-----+
|   Chris.Wu@test.com|  3.5|
|Larry.Jones@test.com| -3.0|
|Eric.Anandh@test.com| -5.5|
|Eric.Aristotle@te...| 34.5|
|Frank.Mitra@test.com| -5.5|
|Sarah.Howard@test...| -2.0|
|David.Clayton@tes...| -3.0|
|David.Doshi@test.com| -4.5|
|Gail.Harris@test.com| -5.0|
|  Lyn.Clark@test.com| -4.5|
|Frank.Ahmed@test.com| -5.0|
|Bobby.Jefferson@t...| -1.5|
|Lyn.Anderson@test...| -5.5|
|Chris.Clayton@tes...| -3.0|
|Senthil.Clark@tes...| -4.5|
|Eric.Clayton@test...|-29.5|
|David.Lincoln@tes...|-17.5|
|Angie.Sanchez@tes...|  5.0|
|Jane.Jefferson@te...|-10.0|
|John.Khatib@test.com| 11.5|
+--------------------+-----+
only showing top 20 rows

-------------------------------------------
Batch: 1
-------------------------------------------
+--------------------+-----+
|            customer|score|
+--------------------+-----+
|Frank.Mitra@test.com| -1.5|
|Sarah.Howard@test...| -4.0|
|David.Clayton@tes...| -4.0|
+--------------------+-----+

-------------------------------------------
Batch: 2
-------------------------------------------
+--------------------+-----+
|            customer|score|
+--------------------+-----+
|David.Doshi@test.com| -2.0|
+--------------------+-----+

-------------------------------------------
Batch: 3
-------------------------------------------
+--------------------+-----+
|            customer|score|
+--------------------+-----+
|Gail.Harris@test.com| -1.5|
+--------------------+-----+

-------------------------------------------
Batch: 4
-------------------------------------------
+------------------+-----+
|          customer|score|
+------------------+-----+
|Lyn.Clark@test.com| -2.5|
+------------------+-----+

-------------------------------------------
Batch: 5
-------------------------------------------
+--------------------+-----+
|            customer|score|
+--------------------+-----+
|Frank.Ahmed@test.com| -5.5|
+--------------------+-----+

-------------------------------------------
Batch: 6
-------------------------------------------
+--------------------+-----+
|            customer|score|
+--------------------+-----+
|Bobby.Jefferson@t...| -2.5|
+--------------------+-----+

