Spark Command: /usr/lib/jvm/java-8-openjdk-amd64/jre/bin/java -cp /opt/spark-2.3.4-bin-hadoop2.7/conf/:/opt/spark-2.3.4-bin-hadoop2.7/jars/* -Xmx1g org.apache.spark.deploy.master.Master --host 5e6d8f75ac16 --port 7077 --webui-port 8080
========================================
2023-01-16 18:18:39 INFO  Master:2612 - Started daemon with process name: 1592@5e6d8f75ac16
2023-01-16 18:18:39 INFO  SignalUtils:54 - Registered signal handler for TERM
2023-01-16 18:18:39 INFO  SignalUtils:54 - Registered signal handler for HUP
2023-01-16 18:18:39 INFO  SignalUtils:54 - Registered signal handler for INT
2023-01-16 18:18:40 WARN  NativeCodeLoader:62 - Unable to load native-hadoop library for your platform... using builtin-java classes where applicable
2023-01-16 18:18:41 INFO  SecurityManager:54 - Changing view acls to: root
2023-01-16 18:18:41 INFO  SecurityManager:54 - Changing modify acls to: root
2023-01-16 18:18:41 INFO  SecurityManager:54 - Changing view acls groups to: 
2023-01-16 18:18:41 INFO  SecurityManager:54 - Changing modify acls groups to: 
2023-01-16 18:18:41 INFO  SecurityManager:54 - SecurityManager: authentication disabled; ui acls disabled; users  with view permissions: Set(root); groups with view permissions: Set(); users  with modify permissions: Set(root); groups with modify permissions: Set()
2023-01-16 18:18:41 INFO  Utils:54 - Successfully started service 'sparkMaster' on port 7077.
2023-01-16 18:18:42 INFO  Master:54 - Starting Spark master at spark://5e6d8f75ac16:7077
2023-01-16 18:18:42 INFO  Master:54 - Running Spark version 2.3.4
2023-01-16 18:18:42 INFO  log:192 - Logging initialized @3946ms
2023-01-16 18:18:42 INFO  Server:351 - jetty-9.3.z-SNAPSHOT, build timestamp: unknown, git hash: unknown
2023-01-16 18:18:42 INFO  Server:419 - Started @4100ms
2023-01-16 18:18:42 INFO  AbstractConnector:278 - Started ServerConnector@404736b4{HTTP/1.1,[http/1.1]}{0.0.0.0:8080}
2023-01-16 18:18:42 INFO  Utils:54 - Successfully started service 'MasterUI' on port 8080.
2023-01-16 18:18:42 INFO  ContextHandler:781 - Started o.s.j.s.ServletContextHandler@1d88ca29{/app,null,AVAILABLE,@Spark}
2023-01-16 18:18:42 INFO  ContextHandler:781 - Started o.s.j.s.ServletContextHandler@76481e02{/app/json,null,AVAILABLE,@Spark}
2023-01-16 18:18:42 INFO  ContextHandler:781 - Started o.s.j.s.ServletContextHandler@3ed7efa1{/,null,AVAILABLE,@Spark}
2023-01-16 18:18:42 INFO  ContextHandler:781 - Started o.s.j.s.ServletContextHandler@60a60fc8{/json,null,AVAILABLE,@Spark}
2023-01-16 18:18:42 INFO  ContextHandler:781 - Started o.s.j.s.ServletContextHandler@5628a5d0{/static,null,AVAILABLE,@Spark}
2023-01-16 18:18:42 INFO  ContextHandler:781 - Started o.s.j.s.ServletContextHandler@24ff7912{/app/kill,null,AVAILABLE,@Spark}
2023-01-16 18:18:42 INFO  ContextHandler:781 - Started o.s.j.s.ServletContextHandler@6716e012{/driver/kill,null,AVAILABLE,@Spark}
2023-01-16 18:18:42 INFO  MasterWebUI:54 - Bound MasterWebUI to 0.0.0.0, and started at http://5e6d8f75ac16:8080
2023-01-16 18:18:42 INFO  Server:351 - jetty-9.3.z-SNAPSHOT, build timestamp: unknown, git hash: unknown
2023-01-16 18:18:42 INFO  ContextHandler:781 - Started o.s.j.s.ServletContextHandler@67d2d207{/,null,AVAILABLE}
2023-01-16 18:18:42 INFO  AbstractConnector:278 - Started ServerConnector@3c11226{HTTP/1.1,[http/1.1]}{5e6d8f75ac16:6066}
2023-01-16 18:18:42 INFO  Server:419 - Started @4410ms
2023-01-16 18:18:42 INFO  Utils:54 - Successfully started service on port 6066.
2023-01-16 18:18:42 INFO  StandaloneRestServer:54 - Started REST server for submitting applications on port 6066
2023-01-16 18:18:42 INFO  ContextHandler:781 - Started o.s.j.s.ServletContextHandler@4af45e{/metrics/master/json,null,AVAILABLE,@Spark}
2023-01-16 18:18:42 INFO  ContextHandler:781 - Started o.s.j.s.ServletContextHandler@340e64fc{/metrics/applications/json,null,AVAILABLE,@Spark}
2023-01-16 18:18:42 INFO  Master:54 - I have been elected leader! New state: ALIVE
2023-01-16 18:20:03 INFO  Master:54 - Registering worker 172.18.0.2:46483 with 2 cores, 6.3 GB RAM
